2020-06-10 14:19:38,434 - INFO - 187 : Package azureml-train-automl missing from dependencies file.
2020-06-10 14:19:38,435 - INFO - 193 : Using pinned version: azureml-train-automl==1.3.0.*
2020-06-10 14:19:38,436 - INFO - 187 : Package pandas missing from dependencies file.
2020-06-10 14:19:38,442 - INFO - 193 : Using pinned version: pandas>=0.21.0,<=0.23.4
2020-06-10 14:19:38,442 - INFO - 187 : Package scikit-learn missing from dependencies file.
2020-06-10 14:19:38,443 - INFO - 193 : Using pinned version: scikit-learn<=0.20.3,>=0.19.0
2020-06-10 14:19:38,443 - INFO - 187 : Package numpy missing from dependencies file.
2020-06-10 14:19:38,443 - INFO - 193 : Using pinned version: numpy>=1.16.0,<=1.16.2
2020-06-10 14:19:38,444 - INFO - 187 : Package py-xgboost missing from dependencies file.
2020-06-10 14:19:38,444 - INFO - 193 : Using pinned version: py-xgboost<=0.80
2020-06-10 14:19:38,444 - INFO - 187 : Package inference-schema missing from dependencies file.
2020-06-10 14:19:38,444 - INFO - 187 : Package holidays missing from dependencies file.
2020-06-10 14:19:38,444 - INFO - 193 : Using pinned version: holidays==0.9.11
2020-06-10 14:19:38,445 - INFO - 187 : Package fbprophet missing from dependencies file.
2020-06-10 14:19:38,445 - INFO - 193 : Using pinned version: fbprophet==0.5
2020-06-10 14:19:38,445 - INFO - 187 : Package setuptools-git missing from dependencies file.
2020-06-10 14:23:46,539 - INFO - 187 : Package azureml-train-automl missing from dependencies file.
2020-06-10 14:23:46,606 - INFO - 193 : Using pinned version: azureml-train-automl==1.3.0.*
2020-06-10 14:23:46,615 - INFO - 187 : Package pandas missing from dependencies file.
2020-06-10 14:23:46,622 - INFO - 193 : Using pinned version: pandas>=0.21.0,<=0.23.4
2020-06-10 14:23:46,628 - INFO - 187 : Package scikit-learn missing from dependencies file.
2020-06-10 14:23:46,634 - INFO - 193 : Using pinned version: scikit-learn<=0.20.3,>=0.19.0
2020-06-10 14:23:46,643 - INFO - 187 : Package numpy missing from dependencies file.
2020-06-10 14:23:46,649 - INFO - 193 : Using pinned version: numpy>=1.16.0,<=1.16.2
2020-06-10 14:23:46,657 - INFO - 187 : Package py-xgboost missing from dependencies file.
2020-06-10 14:23:46,664 - INFO - 193 : Using pinned version: py-xgboost<=0.80
2020-06-10 14:23:46,671 - INFO - 187 : Package inference-schema missing from dependencies file.
2020-06-10 14:23:46,678 - INFO - 187 : Package holidays missing from dependencies file.
2020-06-10 14:23:46,693 - INFO - 193 : Using pinned version: holidays==0.9.11
2020-06-10 14:23:46,720 - INFO - 187 : Package fbprophet missing from dependencies file.
2020-06-10 14:23:46,727 - INFO - 193 : Using pinned version: fbprophet==0.5
2020-06-10 14:23:46,734 - INFO - 187 : Package setuptools-git missing from dependencies file.
2020-06-10 14:26:34,696 - INFO - 187 : Package azureml-train-automl missing from dependencies file.
2020-06-10 14:26:34,704 - INFO - 193 : Using pinned version: azureml-train-automl==1.3.0.*
2020-06-10 14:26:34,716 - INFO - 187 : Package pandas missing from dependencies file.
2020-06-10 14:26:34,721 - INFO - 193 : Using pinned version: pandas>=0.21.0,<=0.23.4
2020-06-10 14:26:34,726 - INFO - 187 : Package scikit-learn missing from dependencies file.
2020-06-10 14:26:34,739 - INFO - 193 : Using pinned version: scikit-learn<=0.20.3,>=0.19.0
2020-06-10 14:26:34,744 - INFO - 187 : Package numpy missing from dependencies file.
2020-06-10 14:26:34,757 - INFO - 193 : Using pinned version: numpy>=1.16.0,<=1.16.2
2020-06-10 14:26:34,762 - INFO - 187 : Package py-xgboost missing from dependencies file.
2020-06-10 14:26:34,777 - INFO - 193 : Using pinned version: py-xgboost<=0.80
2020-06-10 14:26:34,783 - INFO - 187 : Package inference-schema missing from dependencies file.
2020-06-10 14:26:34,798 - INFO - 187 : Package holidays missing from dependencies file.
2020-06-10 14:26:34,808 - INFO - 193 : Using pinned version: holidays==0.9.11
2020-06-10 14:26:34,818 - INFO - 187 : Package fbprophet missing from dependencies file.
2020-06-10 14:26:34,826 - INFO - 193 : Using pinned version: fbprophet==0.5
2020-06-10 14:26:34,833 - INFO - 187 : Package setuptools-git missing from dependencies file.
2020-06-10 14:28:08,390 - INFO - 187 : Package azureml-train-automl missing from dependencies file.
2020-06-10 14:28:08,398 - INFO - 193 : Using pinned version: azureml-train-automl==1.3.0.*
2020-06-10 14:28:08,408 - INFO - 187 : Package pandas missing from dependencies file.
2020-06-10 14:28:08,418 - INFO - 193 : Using pinned version: pandas>=0.21.0,<=0.23.4
2020-06-10 14:28:08,428 - INFO - 187 : Package scikit-learn missing from dependencies file.
2020-06-10 14:28:08,436 - INFO - 193 : Using pinned version: scikit-learn<=0.20.3,>=0.19.0
2020-06-10 14:28:08,447 - INFO - 187 : Package numpy missing from dependencies file.
2020-06-10 14:28:08,454 - INFO - 193 : Using pinned version: numpy>=1.16.0,<=1.16.2
2020-06-10 14:28:08,460 - INFO - 187 : Package py-xgboost missing from dependencies file.
2020-06-10 14:28:08,466 - INFO - 193 : Using pinned version: py-xgboost<=0.80
2020-06-10 14:28:08,471 - INFO - 187 : Package inference-schema missing from dependencies file.
2020-06-10 14:28:08,477 - INFO - 187 : Package holidays missing from dependencies file.
2020-06-10 14:28:08,483 - INFO - 193 : Using pinned version: holidays==0.9.11
2020-06-10 14:28:08,489 - INFO - 187 : Package fbprophet missing from dependencies file.
2020-06-10 14:28:08,496 - INFO - 193 : Using pinned version: fbprophet==0.5
2020-06-10 14:28:08,508 - INFO - 187 : Package setuptools-git missing from dependencies file.
2020-06-10 14:35:03,141 - INFO - 187 : Package azureml-train-automl missing from dependencies file.
2020-06-10 14:35:03,160 - INFO - 193 : Using pinned version: azureml-train-automl==1.3.0.*
2020-06-10 14:35:03,166 - INFO - 187 : Package pandas missing from dependencies file.
2020-06-10 14:35:03,171 - INFO - 193 : Using pinned version: pandas>=0.21.0,<=0.23.4
2020-06-10 14:35:03,187 - INFO - 187 : Package scikit-learn missing from dependencies file.
2020-06-10 14:35:03,194 - INFO - 193 : Using pinned version: scikit-learn<=0.20.3,>=0.19.0
2020-06-10 14:35:03,200 - INFO - 187 : Package numpy missing from dependencies file.
2020-06-10 14:35:03,206 - INFO - 193 : Using pinned version: numpy>=1.16.0,<=1.16.2
2020-06-10 14:35:03,226 - INFO - 187 : Package py-xgboost missing from dependencies file.
2020-06-10 14:35:03,233 - INFO - 193 : Using pinned version: py-xgboost<=0.80
2020-06-10 14:35:03,240 - INFO - 187 : Package inference-schema missing from dependencies file.
2020-06-10 14:35:03,250 - INFO - 187 : Package holidays missing from dependencies file.
2020-06-10 14:35:03,258 - INFO - 193 : Using pinned version: holidays==0.9.11
2020-06-10 14:35:03,265 - INFO - 187 : Package fbprophet missing from dependencies file.
2020-06-10 14:35:03,271 - INFO - 193 : Using pinned version: fbprophet==0.5
2020-06-10 14:35:03,277 - INFO - 187 : Package setuptools-git missing from dependencies file.
2020-06-10 14:35:05,119 - INFO - 499 : Validation service found the data has no errors.
2020-06-10 14:36:30,262 - INFO - 187 : Package azureml-train-automl missing from dependencies file.
2020-06-10 14:36:30,272 - INFO - 193 : Using pinned version: azureml-train-automl==1.3.0.*
2020-06-10 14:36:30,284 - INFO - 187 : Package pandas missing from dependencies file.
2020-06-10 14:36:30,289 - INFO - 193 : Using pinned version: pandas>=0.21.0,<=0.23.4
2020-06-10 14:36:30,295 - INFO - 187 : Package scikit-learn missing from dependencies file.
2020-06-10 14:36:30,302 - INFO - 193 : Using pinned version: scikit-learn<=0.20.3,>=0.19.0
2020-06-10 14:36:30,309 - INFO - 187 : Package numpy missing from dependencies file.
2020-06-10 14:36:30,315 - INFO - 193 : Using pinned version: numpy>=1.16.0,<=1.16.2
2020-06-10 14:36:30,350 - INFO - 187 : Package py-xgboost missing from dependencies file.
2020-06-10 14:36:30,357 - INFO - 193 : Using pinned version: py-xgboost<=0.80
2020-06-10 14:36:30,364 - INFO - 187 : Package inference-schema missing from dependencies file.
2020-06-10 14:36:30,369 - INFO - 187 : Package holidays missing from dependencies file.
2020-06-10 14:36:30,376 - INFO - 193 : Using pinned version: holidays==0.9.11
2020-06-10 14:36:30,397 - INFO - 187 : Package fbprophet missing from dependencies file.
2020-06-10 14:36:30,397 - INFO - 193 : Using pinned version: fbprophet==0.5
2020-06-10 14:36:30,397 - INFO - 187 : Package setuptools-git missing from dependencies file.
2020-06-10 14:36:32,085 - INFO - 499 : Validation service found the data has no errors.
2020-07-09 13:15:52.450 - INFO - 45089 - azureml.train.automl._azureautomlclient.modify_run_configuration:195 - Package azureml-train-automl missing from dependencies file.
2020-07-09 13:15:52.451 - INFO - 45089 - azureml.train.automl._azureautomlclient.modify_run_configuration:201 - Using pinned version: azureml-train-automl==1.8.0.*
2020-07-09 13:15:52.452 - INFO - 45089 - azureml.train.automl._azureautomlclient.modify_run_configuration:195 - Package pandas missing from dependencies file.
2020-07-09 13:15:52.452 - INFO - 45089 - azureml.train.automl._azureautomlclient.modify_run_configuration:201 - Using pinned version: pandas>=0.21.0,<=0.23.4
2020-07-09 13:15:52.452 - INFO - 45089 - azureml.train.automl._azureautomlclient.modify_run_configuration:195 - Package psutil missing from dependencies file.
2020-07-09 13:15:52.452 - INFO - 45089 - azureml.train.automl._azureautomlclient.modify_run_configuration:201 - Using pinned version: psutil>5.0.0,<6.0.0
2020-07-09 13:15:52.452 - INFO - 45089 - azureml.train.automl._azureautomlclient.modify_run_configuration:195 - Package scikit-learn missing from dependencies file.
2020-07-09 13:15:52.452 - INFO - 45089 - azureml.train.automl._azureautomlclient.modify_run_configuration:201 - Using pinned version: scikit-learn<=0.20.3,>=0.19.0
2020-07-09 13:15:52.452 - INFO - 45089 - azureml.train.automl._azureautomlclient.modify_run_configuration:195 - Package numpy missing from dependencies file.
2020-07-09 13:15:52.452 - INFO - 45089 - azureml.train.automl._azureautomlclient.modify_run_configuration:201 - Using pinned version: numpy>=1.16.0,<=1.16.2
2020-07-09 13:15:52.453 - INFO - 45089 - azureml.train.automl._azureautomlclient.modify_run_configuration:195 - Package py-xgboost missing from dependencies file.
2020-07-09 13:15:52.453 - INFO - 45089 - azureml.train.automl._azureautomlclient.modify_run_configuration:201 - Using pinned version: py-xgboost<=0.80
2020-07-09 13:15:52.453 - INFO - 45089 - azureml.train.automl._azureautomlclient.modify_run_configuration:195 - Package inference-schema missing from dependencies file.
2020-07-09 13:15:52.453 - INFO - 45089 - azureml.train.automl._azureautomlclient.modify_run_configuration:195 - Package holidays missing from dependencies file.
2020-07-09 13:15:52.453 - INFO - 45089 - azureml.train.automl._azureautomlclient.modify_run_configuration:201 - Using pinned version: holidays==0.9.11
2020-07-09 13:15:52.453 - INFO - 45089 - azureml.train.automl._azureautomlclient.modify_run_configuration:195 - Package fbprophet missing from dependencies file.
2020-07-09 13:15:52.453 - INFO - 45089 - azureml.train.automl._azureautomlclient.modify_run_configuration:201 - Using pinned version: fbprophet==0.5
2020-07-09 13:15:52.453 - INFO - 45089 - azureml.train.automl._azureautomlclient.modify_run_configuration:195 - Package setuptools-git missing from dependencies file.
2020-07-09 13:15:56.510 - INFO - 45089 - azureml.train.automl._azureautomlclient._validate_remote_input:526 - Validation service found the data has no errors.
